Chronologic VCS simulator copyright 1991-2014
Contains Synopsys proprietary information.
Compiler version I-2014.03-2; Runtime version I-2014.03-2;  Apr 25 23:44 2016
UVM_INFO /home/morris/uvm-1.2/src/base/uvm_root.svh(392) @ 0: reporter [UVM/RELNOTES] 
----------------------------------------------------------------
UVM-1.2
(C) 2007-2014 Mentor Graphics Corporation
(C) 2007-2014 Cadence Design Systems, Inc.
(C) 2006-2014 Synopsys, Inc.
(C) 2011-2013 Cypress Semiconductor Corp.
(C) 2013-2014 NVIDIA Corporation
----------------------------------------------------------------

  ***********       IMPORTANT RELEASE NOTES         ************

  You are using a version of the UVM library that has been compiled
  with `UVM_OBJECT_DO_NOT_NEED_CONSTRUCTOR undefined.
  See http://www.eda.org/svdb/view.php?id=3770 for more details.

      (Specify +UVM_NO_RELNOTES to turn off this notice)

UVM_INFO @ 0: reporter [RNTST] Running test l0_test...
RT Warning: No condition matches in 'unique case' statement.
        "decoder.sv", line 126, for top.l.PS.dec_2_bbp16_0, at time     0.
UVM_INFO lcduvm.svp(5) @ 0: uvm_test_top.env [version] 0.003
RT Warning: No condition matches in 'unique case' statement.
        "decoder.sv", line 126, for top.l.PS.dec_2_bbp16_0, at time     0.
UVM_INFO lcduvm.svp(5) @ 5100: seqr@@file [test_file] t1.txt
UVM_ERROR lcduvm.svp(5) @ 6249000: reporter [pixel data] exp 14643c got 008987
UVM_ERROR lcduvm.svp(5) @ 6254000: reporter [pixel data] exp bc8c2c got 0050e2
UVM_ERROR lcduvm.svp(5) @ 6259000: reporter [pixel data] exp 2810f8 got 00145f
UVM_ERROR lcduvm.svp(5) @ 6264000: reporter [pixel data] exp 282078 got 0050e2
UVM_ERROR lcduvm.svp(5) @ 6269000: reporter [pixel data] exp 607858 got 0031eb
UVM_ERROR lcduvm.svp(5) @ 6274000: reporter [pixel data] exp 9098c8 got 0050e2
UVM_ERROR lcduvm.svp(5) @ 6279000: reporter [pixel data] exp 34d434 got 009b46
UVM_ERROR lcduvm.svp(5) @ 6284000: reporter [pixel data] exp fc8464 got 0050e2
UVM_ERROR lcduvm.svp(5) @ 6289000: reporter [pixel data] exp 7058b8 got 003977
UVM_ERROR lcduvm.svp(5) @ 6294000: reporter [pixel data] exp d05008 got 0050e2
UVM_ERROR lcduvm.svp(5) @ 6299000: reporter [Suppressed] 10 or more errors seen, reporting suppressed
UVM_INFO /home/morris/uvm-1.2/src/base/uvm_report_server.svh(847) @ 59074100: reporter [UVM/REPORT/SERVER] 
--- UVM Report Summary ---

** Report counts by severity
UVM_INFO :    4
UVM_WARNING :    0
UVM_ERROR :   11
UVM_FATAL :    0
** Report counts by id
[RNTST]     1
[Suppressed]     1
[UVM/RELNOTES]     1
[pixel data]    10
[test_file]     1
[version]     1

$finish called from file "/home/morris/uvm-1.2/src/base/uvm_root.svh", line 517.
$finish at simulation time             59074100
           V C S   S i m u l a t i o n   R e p o r t 
Time: 590741000 ps
CPU Time:      2.530 seconds;       Data structure size:   0.2Mb
Mon Apr 25 23:44:27 2016
